<?xml version="1.0" encoding="UTF-8"?>
<!-- Generated by org.testng.reporters.JUnitXMLReporter -->
<testsuite ignored="0" hostname="EvolveVM-1-1" failures="0" tests="2" name="Default test" time="11.185" errors="0" timestamp="2024-11-06T20:17:32 IST">
  <testcase classname="parabank.UserCreateAccountTest" name="createNewAccount" time="2.434"/>
  <testcase classname="parabank.UserCreateAccountTest" name="printfunction" time="0.002">
    <skipped/>
  </testcase> <!-- printfunction -->
</testsuite> <!-- Default test -->
