<?xml version="1.0" encoding="UTF-8"?>
<!-- Generated by org.testng.reporters.JUnitXMLReporter -->
<testsuite ignored="0" hostname="EvolveVM-1-0" failures="0" tests="6" name="Test" time="88.465" errors="0" timestamp="2025-01-12T16:58:59 IST">
  <testcase classname="parabank.UserRegistrationTest" name="userregistration" time="1.934"/>
  <testcase classname="parabank.UserLoginTest" name="userLogin" time="0.634"/>
  <testcase classname="parabank.UserLoginTest" name="userLogin" time="0.522"/>
  <testcase classname="parabank.UserLoginTest" name="userLogin" time="0.49"/>
  <testcase classname="parabank.UserCreateAccountTest" name="createNewAccount" time="1.374"/>
  <testcase classname="parabank.UserCreateAccountTest" name="printfunction" time="0.001">
    <skipped/>
  </testcase> <!-- printfunction -->
</testsuite> <!-- Test -->
