<?xml version="1.0" encoding="UTF-8"?>
<testng-results ignored="0" total="6" passed="5" failed="0" skipped="1">
  <reporter-output>
  </reporter-output>
  <suite started-at="2025-01-12T16:57:30 IST" name="Suite" finished-at="2025-01-12T16:58:59 IST" duration-ms="88465">
    <groups>
    </groups>
    <test started-at="2025-01-12T16:57:30 IST" name="Test" finished-at="2025-01-12T16:58:59 IST" duration-ms="88465">
      <class name="parabank.UserLoginTest">
        <test-method is-config="true" signature="setUp()[pri:0, instance:parabank.UserLoginTest@2ddc9a9f]" started-at="2025-01-12T16:58:02 IST" name="setUp" finished-at="2025-01-12T16:58:28 IST" duration-ms="26358" status="PASS">
          <reporter-output>
          </reporter-output>
        </test-method> <!-- setUp -->
        <test-method signature="userLogin(java.lang.String,java.lang.String)[pri:0, instance:parabank.UserLoginTest@2ddc9a9f]" started-at="2025-01-12T16:58:28 IST" name="userLogin" data-provider="datafunction2" finished-at="2025-01-12T16:58:29 IST" duration-ms="634" status="PASS">
          <params>
            <param index="0">
              <value>
                <![CDATA[demo1111]]>
              </value>
            </param>
            <param index="1">
              <value>
                <![CDATA[demo2222]]>
              </value>
            </param>
          </params>
          <reporter-output>
          </reporter-output>
        </test-method> <!-- userLogin -->
        <test-method signature="userLogin(java.lang.String,java.lang.String)[pri:0, instance:parabank.UserLoginTest@2ddc9a9f]" started-at="2025-01-12T16:58:29 IST" name="userLogin" data-provider="datafunction2" finished-at="2025-01-12T16:58:30 IST" duration-ms="522" status="PASS">
          <params>
            <param index="0">
              <value>
                <![CDATA[demo33333]]>
              </value>
            </param>
            <param index="1">
              <value>
                <![CDATA[demo4]]>
              </value>
            </param>
          </params>
          <reporter-output>
          </reporter-output>
        </test-method> <!-- userLogin -->
        <test-method signature="userLogin(java.lang.String,java.lang.String)[pri:0, instance:parabank.UserLoginTest@2ddc9a9f]" started-at="2025-01-12T16:58:30 IST" name="userLogin" data-provider="datafunction2" finished-at="2025-01-12T16:58:30 IST" duration-ms="490" status="PASS">
          <params>
            <param index="0">
              <value>
                <![CDATA[demo55555555]]>
              </value>
            </param>
            <param index="1">
              <value>
                <![CDATA[demo6]]>
              </value>
            </param>
          </params>
          <reporter-output>
          </reporter-output>
        </test-method> <!-- userLogin -->
        <test-method is-config="true" signature="teardown()[pri:0, instance:parabank.UserLoginTest@2ddc9a9f]" started-at="2025-01-12T16:58:30 IST" name="teardown" finished-at="2025-01-12T16:58:31 IST" duration-ms="697" status="PASS">
          <reporter-output>
          </reporter-output>
        </test-method> <!-- teardown -->
      </class> <!-- parabank.UserLoginTest -->
      <class name="parabank.UserRegistrationTest">
        <test-method is-config="true" signature="setUp()[pri:0, instance:parabank.UserRegistrationTest@2892d68]" started-at="2025-01-12T16:57:30 IST" name="setUp" finished-at="2025-01-12T16:57:59 IST" duration-ms="28833" status="PASS">
          <reporter-output>
          </reporter-output>
        </test-method> <!-- setUp -->
        <test-method signature="userregistration()[pri:0, instance:parabank.UserRegistrationTest@2892d68]" started-at="2025-01-12T16:57:59 IST" name="userregistration" finished-at="2025-01-12T16:58:01 IST" duration-ms="1934" status="PASS">
          <reporter-output>
          </reporter-output>
        </test-method> <!-- userregistration -->
        <test-method is-config="true" signature="teardown()[pri:0, instance:parabank.UserRegistrationTest@2892d68]" started-at="2025-01-12T16:58:01 IST" name="teardown" finished-at="2025-01-12T16:58:02 IST" duration-ms="752" status="PASS">
          <reporter-output>
          </reporter-output>
        </test-method> <!-- teardown -->
      </class> <!-- parabank.UserRegistrationTest -->
      <class name="parabank.UserCreateAccountTest">
        <test-method is-config="true" signature="setUp()[pri:0, instance:parabank.UserCreateAccountTest@298a5e20]" started-at="2025-01-12T16:58:31 IST" name="setUp" finished-at="2025-01-12T16:58:57 IST" duration-ms="26140" status="PASS">
          <reporter-output>
          </reporter-output>
        </test-method> <!-- setUp -->
        <test-method signature="createNewAccount()[pri:0, instance:parabank.UserCreateAccountTest@298a5e20]" started-at="2025-01-12T16:58:57 IST" name="createNewAccount" finished-at="2025-01-12T16:58:58 IST" duration-ms="1374" status="PASS">
          <reporter-output>
          </reporter-output>
        </test-method> <!-- createNewAccount -->
        <test-method signature="printfunction()[pri:0, instance:parabank.UserCreateAccountTest@298a5e20]" started-at="2025-01-12T16:58:58 IST" name="printfunction" finished-at="2025-01-12T16:58:58 IST" duration-ms="1" status="SKIP">
          <exception class="org.testng.SkipException">
            <message>
              <![CDATA[skipping]]>
            </message>
            <full-stacktrace>
              <![CDATA[org.testng.SkipException: skipping
at parabank.UserCreateAccountTest.printfunction(UserCreateAccountTest.java:44)
at java.base/jdk.internal.reflect.NativeMethodAccessorImpl.invoke0(Native Method)
at java.base/jdk.internal.reflect.NativeMethodAccessorImpl.invoke(NativeMethodAccessorImpl.java:64)
at java.base/jdk.internal.reflect.DelegatingMethodAccessorImpl.invoke(DelegatingMethodAccessorImpl.java:43)
at java.base/java.lang.reflect.Method.invoke(Method.java:564)
at org.testng.internal.invokers.MethodInvocationHelper.invokeMethod(MethodInvocationHelper.java:141)
at org.testng.internal.invokers.TestInvoker.invokeMethod(TestInvoker.java:686)
at org.testng.internal.invokers.TestInvoker.invokeTestMethod(TestInvoker.java:230)
at org.testng.internal.invokers.MethodRunner.runInSequence(MethodRunner.java:63)
at org.testng.internal.invokers.TestInvoker$MethodInvocationAgent.invoke(TestInvoker.java:992)
at org.testng.internal.invokers.TestInvoker.invokeTestMethods(TestInvoker.java:203)
at org.testng.internal.invokers.TestMethodWorker.invokeTestMethods(TestMethodWorker.java:154)
at org.testng.internal.invokers.TestMethodWorker.run(TestMethodWorker.java:134)
at java.base/java.util.ArrayList.forEach(ArrayList.java:1511)
at org.testng.TestRunner.privateRun(TestRunner.java:739)
at org.testng.TestRunner.run(TestRunner.java:614)
at org.testng.SuiteRunner.runTest(SuiteRunner.java:421)
at org.testng.SuiteRunner.runSequentially(SuiteRunner.java:413)
at org.testng.SuiteRunner.privateRun(SuiteRunner.java:373)
at org.testng.SuiteRunner.run(SuiteRunner.java:312)
at org.testng.SuiteRunnerWorker.runSuite(SuiteRunnerWorker.java:52)
at org.testng.SuiteRunnerWorker.run(SuiteRunnerWorker.java:95)
at org.testng.TestNG.runSuitesSequentially(TestNG.java:1274)
at org.testng.TestNG.runSuitesLocally(TestNG.java:1208)
at org.testng.TestNG.runSuites(TestNG.java:1112)
at org.testng.TestNG.run(TestNG.java:1079)
at org.testng.remote.AbstractRemoteTestNG.run(AbstractRemoteTestNG.java:115)
at org.testng.remote.RemoteTestNG.initAndRun(RemoteTestNG.java:293)
at org.testng.remote.RemoteTestNG.main(RemoteTestNG.java:91)
]]>
            </full-stacktrace>
          </exception> <!-- org.testng.SkipException -->
          <reporter-output>
          </reporter-output>
        </test-method> <!-- printfunction -->
        <test-method is-config="true" signature="teardown()[pri:0, instance:parabank.UserCreateAccountTest@298a5e20]" started-at="2025-01-12T16:58:58 IST" name="teardown" finished-at="2025-01-12T16:58:59 IST" duration-ms="681" status="PASS">
          <reporter-output>
          </reporter-output>
        </test-method> <!-- teardown -->
      </class> <!-- parabank.UserCreateAccountTest -->
    </test> <!-- Test -->
  </suite> <!-- Suite -->
</testng-results>
